
Started Import Process
# System Details: 
Debug Mode 		: Disabled
Operating System 	: WINNT
Software 		: Microsoft-IIS/10.0
MySQL version 		: 8.4.4
XML Reader 		: Yes
PHP Version 		: 8.4.5
PHP Max Input Vars 	: 1000
PHP Max Post Size 	: 1024M
PHP Extension GD 	: Yes
PHP Max Execution Time 	: 900
Max Upload Size 	: 1 GB
Memory Limit 		: Current memory limit 40M. We recommend setting memory to at least 64M.
Timezone 		: 0

-----

Importing Started! - 15:13:58 UTC
---

WHY IMPORT PROCESS CAN FAIL? READ THIS - 
https://wpastra.com/docs/?p=1314&utm_source=demo-import-panel&utm_campaign=import-error&utm_medium=wp-dashboard

---

Started Import Process
# System Details: 
Debug Mode 		: Disabled
Operating System 	: WINNT
Software 		: Microsoft-IIS/10.0
MySQL version 		: 8.4.4
XML Reader 		: Yes
PHP Version 		: 8.4.5
PHP Max Input Vars 	: 1000
PHP Max Post Size 	: 1024M
PHP Extension GD 	: Yes
PHP Max Execution Time 	: 900
Max Upload Size 	: 1 GB
Memory Limit 		: Current memory limit 40M. We recommend setting memory to at least 64M.
Timezone 		: 0

-----

Importing Started! - 15:26:22 UTC
---

WHY IMPORT PROCESS CAN FAIL? READ THIS - 
https://wpastra.com/docs/?p=1314&utm_source=demo-import-panel&utm_campaign=import-error&utm_medium=wp-dashboard

---

Started Import Process
# System Details: 
Debug Mode 		: Disabled
Operating System 	: WINNT
Software 		: Microsoft-IIS/10.0
MySQL version 		: 8.4.4
XML Reader 		: Yes
PHP Version 		: 8.4.5
PHP Max Input Vars 	: 1000
PHP Max Post Size 	: 1024M
PHP Extension GD 	: Yes
PHP Max Execution Time 	: 900
Max Upload Size 	: 1 GB
Memory Limit 		: Current memory limit 40M. We recommend setting memory to at least 64M.
Timezone 		: 0

-----

Importing Started! - 15:26:44 UTC
---

WHY IMPORT PROCESS CAN FAIL? READ THIS - 
https://wpastra.com/docs/?p=1314&utm_source=demo-import-panel&utm_campaign=import-error&utm_medium=wp-dashboard

---

Started Import Process
# System Details: 
Debug Mode 		: Disabled
Operating System 	: WINNT
Software 		: Microsoft-IIS/10.0
MySQL version 		: 8.4.4
XML Reader 		: Yes
PHP Version 		: 8.4.5
PHP Max Input Vars 	: 1000
PHP Max Post Size 	: 1024M
PHP Extension GD 	: Yes
PHP Max Execution Time 	: 900
Max Upload Size 	: 1 GB
Memory Limit 		: Current memory limit 40M. We recommend setting memory to at least 64M.
Timezone 		: 0

-----

Importing Started! - 15:26:54 UTC
---

WHY IMPORT PROCESS CAN FAIL? READ THIS - 
https://wpastra.com/docs/?p=1314&utm_source=demo-import-panel&utm_campaign=import-error&utm_medium=wp-dashboard

---

Started Import Process
# System Details: 
Debug Mode 		: Disabled
Operating System 	: WINNT
Software 		: Microsoft-IIS/10.0
MySQL version 		: 8.4.4
XML Reader 		: Yes
PHP Version 		: 8.4.5
PHP Max Input Vars 	: 1000
PHP Max Post Size 	: 1024M
PHP Extension GD 	: Yes
PHP Max Execution Time 	: 900
Max Upload Size 	: 1 GB
Memory Limit 		: Current memory limit 40M. We recommend setting memory to at least 64M.
Timezone 		: 0

-----

Importing Started! - 15:27:02 UTC
---

WHY IMPORT PROCESS CAN FAIL? READ THIS - 
https://wpastra.com/docs/?p=1314&utm_source=demo-import-panel&utm_campaign=import-error&utm_medium=wp-dashboard

---
